<?xml version="1.0" encoding="UTF-8"?>
<!-- Generated by org.testng.reporters.JUnitReportReporter -->
<testsuite hostname="ShaKaTha" name="org.vonage.Cutomer_PERS_BUS_ENT.Testng_Suite" tests="5" failures="0" timestamp="17 Feb 2016 09:07:24 GMT" time="48.341" errors="0">
  <testcase name="Test3" time="8.130" classname="org.vonage.Cutomer_PERS_BUS_ENT.Testng_Suite"/>
  <testcase name="Test4" time="8.483" classname="org.vonage.Cutomer_PERS_BUS_ENT.Testng_Suite"/>
  <testcase name="Test1" time="6.414" classname="org.vonage.Cutomer_PERS_BUS_ENT.Testng_Suite"/>
  <testcase name="Test5" time="7.313" classname="org.vonage.Cutomer_PERS_BUS_ENT.Testng_Suite"/>
  <testcase name="Test2" time="18.001" classname="org.vonage.Cutomer_PERS_BUS_ENT.Testng_Suite"/>
</testsuite> <!-- org.vonage.Cutomer_PERS_BUS_ENT.Testng_Suite -->
