<?xml version="1.0" encoding="UTF-8"?>
<!-- Generated by org.testng.reporters.JUnitReportReporter -->
<testsuite hostname="ShaKaTha" name="org.vonage.Cutomer_PERS_BUS_ENT.AppTest" tests="1" failures="0" timestamp="17 Feb 2016 09:07:24 GMT" time="0.003" errors="0">
  <testcase name="testApp" time="0.003" classname="org.vonage.Cutomer_PERS_BUS_ENT.AppTest"/>
</testsuite> <!-- org.vonage.Cutomer_PERS_BUS_ENT.AppTest -->
