<?xml version="1.0" encoding="UTF-8"?>
<!-- Generated by org.testng.reporters.JUnitReportReporter -->
<testsuite hostname="ShaKaTha" name="org.vonage.Cutomer_PERS_BUS_ENT.Testng_Suite" tests="5" failures="0" timestamp="18 Feb 2016 04:24:10 GMT" time="58.942" errors="0">
  <testcase name="Test3" time="11.581" classname="org.vonage.Cutomer_PERS_BUS_ENT.Testng_Suite"/>
  <testcase name="Test1" time="9.789" classname="org.vonage.Cutomer_PERS_BUS_ENT.Testng_Suite"/>
  <testcase name="Test4" time="11.802" classname="org.vonage.Cutomer_PERS_BUS_ENT.Testng_Suite"/>
  <testcase name="Test5" time="10.335" classname="org.vonage.Cutomer_PERS_BUS_ENT.Testng_Suite"/>
  <testcase name="Test2" time="15.435" classname="org.vonage.Cutomer_PERS_BUS_ENT.Testng_Suite"/>
</testsuite> <!-- org.vonage.Cutomer_PERS_BUS_ENT.Testng_Suite -->
